<?xml version="1.0" encoding="UTF-8"?>
<testsuite xmlns:xsi="http://www.w3.org/2001/XMLSchema-instance" xsi:noNamespaceSchemaLocation="https://maven.apache.org/surefire/maven-surefire-plugin/xsd/surefire-test-report.xsd" name="cn.com.yusys.activiti.ActivitiTest" time="40.777" tests="2" errors="0" skipped="0" failures="0">
  <properties>
[...]
</properties>
  <testcase name="findTasksByUserId" classname="cn.com.yusys.activiti.ActivitiTest" time="0.236"/>
  <testcase name="testStartProcess" classname="cn.com.yusys.activiti.ActivitiTest" time="0.22"/>
</testsuite>